INFO 2025-11-02 14:00:26,041 autoreload 73597 8710332160 Watching for file changes with StatReloader
INFO 2025-11-02 14:00:35,830 autoreload 73795 8710332160 Watching for file changes with StatReloader
INFO 2025-11-02 14:00:40,814 autoreload 73895 8710332160 Watching for file changes with StatReloader
INFO 2025-11-02 14:00:41,313 autoreload 73795 8710332160 /Users/MAC/Code/sauvini/sauvini_backend/sauvini/settings.py changed, reloading.
INFO 2025-11-02 14:00:41,613 autoreload 73913 8710332160 Watching for file changes with StatReloader
INFO 2025-11-02 14:00:44,989 autoreload 73913 8710332160 /Users/MAC/Code/sauvini/sauvini_backend/sauvini/settings.py changed, reloading.
INFO 2025-11-02 14:00:45,183 autoreload 73895 8710332160 /Users/MAC/Code/sauvini/sauvini_backend/sauvini/settings.py changed, reloading.
INFO 2025-11-02 14:00:45,268 autoreload 73984 8710332160 Watching for file changes with StatReloader
INFO 2025-11-02 14:00:45,443 autoreload 74001 8710332160 Watching for file changes with StatReloader
INFO 2025-11-02 14:01:16,036 autoreload 74592 8710332160 Watching for file changes with StatReloader
INFO 2025-11-02 14:02:07,953 autoreload 75605 8710332160 Watching for file changes with StatReloader
INFO 2025-11-02 14:02:46,713 autoreload 76426 8710332160 Watching for file changes with StatReloader
INFO 2025-11-02 14:02:56,867 autoreload 76641 8710332160 Watching for file changes with StatReloader
ERROR 2025-11-02 14:03:31,929 log 76641 6197293056 Internal Server Error: /api/v1/auth/student/register
Traceback (most recent call last):
  File "/Users/MAC/Code/sauvini/sauvini_backend/venv/lib/python3.9/site-packages/django/db/backends/utils.py", line 89, in _execute
    return self.cursor.execute(sql, params)
psycopg2.errors.UniqueViolation: duplicate key value violates unique constraint "users_username_key"
DETAIL:  Key (username)=(mohamedmorsli2004@gmail.com) already exists.


The above exception was the direct cause of the following exception:

Traceback (most recent call last):
  File "/Users/MAC/Code/sauvini/sauvini_backend/venv/lib/python3.9/site-packages/django/core/handlers/exception.py", line 55, in inner
    response = get_response(request)
  File "/Users/MAC/Code/sauvini/sauvini_backend/venv/lib/python3.9/site-packages/django/core/handlers/base.py", line 197, in _get_response
    response = wrapped_callback(request, *callback_args, **callback_kwargs)
  File "/Users/MAC/Code/sauvini/sauvini_backend/venv/lib/python3.9/site-packages/django/views/decorators/csrf.py", line 56, in wrapper_view
    return view_func(*args, **kwargs)
  File "/Users/MAC/Code/sauvini/sauvini_backend/venv/lib/python3.9/site-packages/django/views/generic/base.py", line 105, in view
    return self.dispatch(request, *args, **kwargs)
  File "/Users/MAC/Code/sauvini/sauvini_backend/venv/lib/python3.9/site-packages/rest_framework/views.py", line 515, in dispatch
    response = self.handle_exception(exc)
  File "/Users/MAC/Code/sauvini/sauvini_backend/venv/lib/python3.9/site-packages/rest_framework/views.py", line 475, in handle_exception
    self.raise_uncaught_exception(exc)
  File "/Users/MAC/Code/sauvini/sauvini_backend/venv/lib/python3.9/site-packages/rest_framework/views.py", line 486, in raise_uncaught_exception
    raise exc
  File "/Users/MAC/Code/sauvini/sauvini_backend/venv/lib/python3.9/site-packages/rest_framework/views.py", line 512, in dispatch
    response = handler(request, *args, **kwargs)
  File "/Users/MAC/Code/sauvini/sauvini_backend/venv/lib/python3.9/site-packages/rest_framework/decorators.py", line 50, in handler
    return func(*args, **kwargs)
  File "/Users/MAC/Code/sauvini/sauvini_backend/apps/authentication/views.py", line 93, in student_register
    student = serializer.save()
  File "/Users/MAC/Code/sauvini/sauvini_backend/venv/lib/python3.9/site-packages/rest_framework/serializers.py", line 210, in save
    self.instance = self.create(validated_data)
  File "/Users/MAC/Code/sauvini/sauvini_backend/apps/authentication/serializers.py", line 84, in create
    user = User.objects.create_user(
  File "/Users/MAC/Code/sauvini/sauvini_backend/venv/lib/python3.9/site-packages/django/contrib/auth/models.py", line 161, in create_user
    return self._create_user(username, email, password, **extra_fields)
  File "/Users/MAC/Code/sauvini/sauvini_backend/venv/lib/python3.9/site-packages/django/contrib/auth/models.py", line 155, in _create_user
    user.save(using=self._db)
  File "/Users/MAC/Code/sauvini/sauvini_backend/venv/lib/python3.9/site-packages/django/contrib/auth/base_user.py", line 76, in save
    super().save(*args, **kwargs)
  File "/Users/MAC/Code/sauvini/sauvini_backend/venv/lib/python3.9/site-packages/django/db/models/base.py", line 814, in save
    self.save_base(
  File "/Users/MAC/Code/sauvini/sauvini_backend/venv/lib/python3.9/site-packages/django/db/models/base.py", line 877, in save_base
    updated = self._save_table(
  File "/Users/MAC/Code/sauvini/sauvini_backend/venv/lib/python3.9/site-packages/django/db/models/base.py", line 1020, in _save_table
    results = self._do_insert(
  File "/Users/MAC/Code/sauvini/sauvini_backend/venv/lib/python3.9/site-packages/django/db/models/base.py", line 1061, in _do_insert
    return manager._insert(
  File "/Users/MAC/Code/sauvini/sauvini_backend/venv/lib/python3.9/site-packages/django/db/models/manager.py", line 87, in manager_method
    return getattr(self.get_queryset(), name)(*args, **kwargs)
  File "/Users/MAC/Code/sauvini/sauvini_backend/venv/lib/python3.9/site-packages/django/db/models/query.py", line 1805, in _insert
    return query.get_compiler(using=using).execute_sql(returning_fields)
  File "/Users/MAC/Code/sauvini/sauvini_backend/venv/lib/python3.9/site-packages/django/db/models/sql/compiler.py", line 1822, in execute_sql
    cursor.execute(sql, params)
  File "/Users/MAC/Code/sauvini/sauvini_backend/venv/lib/python3.9/site-packages/django/db/backends/utils.py", line 102, in execute
    return super().execute(sql, params)
  File "/Users/MAC/Code/sauvini/sauvini_backend/venv/lib/python3.9/site-packages/django/db/backends/utils.py", line 67, in execute
    return self._execute_with_wrappers(
  File "/Users/MAC/Code/sauvini/sauvini_backend/venv/lib/python3.9/site-packages/django/db/backends/utils.py", line 80, in _execute_with_wrappers
    return executor(sql, params, many, context)
  File "/Users/MAC/Code/sauvini/sauvini_backend/venv/lib/python3.9/site-packages/django/db/backends/utils.py", line 89, in _execute
    return self.cursor.execute(sql, params)
  File "/Users/MAC/Code/sauvini/sauvini_backend/venv/lib/python3.9/site-packages/django/db/utils.py", line 91, in __exit__
    raise dj_exc_value.with_traceback(traceback) from exc_value
  File "/Users/MAC/Code/sauvini/sauvini_backend/venv/lib/python3.9/site-packages/django/db/backends/utils.py", line 89, in _execute
    return self.cursor.execute(sql, params)
django.db.utils.IntegrityError: duplicate key value violates unique constraint "users_username_key"
DETAIL:  Key (username)=(mohamedmorsli2004@gmail.com) already exists.

ERROR 2025-11-02 14:03:39,028 log 76641 6197293056 Internal Server Error: /api/v1/auth/student/register
Traceback (most recent call last):
  File "/Users/MAC/Code/sauvini/sauvini_backend/venv/lib/python3.9/site-packages/django/db/backends/utils.py", line 89, in _execute
    return self.cursor.execute(sql, params)
psycopg2.errors.UniqueViolation: duplicate key value violates unique constraint "users_username_key"
DETAIL:  Key (username)=(mohamed_abdennour.morsli@g.enp.edu.dz) already exists.


The above exception was the direct cause of the following exception:

Traceback (most recent call last):
  File "/Users/MAC/Code/sauvini/sauvini_backend/venv/lib/python3.9/site-packages/django/core/handlers/exception.py", line 55, in inner
    response = get_response(request)
  File "/Users/MAC/Code/sauvini/sauvini_backend/venv/lib/python3.9/site-packages/django/core/handlers/base.py", line 197, in _get_response
    response = wrapped_callback(request, *callback_args, **callback_kwargs)
  File "/Users/MAC/Code/sauvini/sauvini_backend/venv/lib/python3.9/site-packages/django/views/decorators/csrf.py", line 56, in wrapper_view
    return view_func(*args, **kwargs)
  File "/Users/MAC/Code/sauvini/sauvini_backend/venv/lib/python3.9/site-packages/django/views/generic/base.py", line 105, in view
    return self.dispatch(request, *args, **kwargs)
  File "/Users/MAC/Code/sauvini/sauvini_backend/venv/lib/python3.9/site-packages/rest_framework/views.py", line 515, in dispatch
    response = self.handle_exception(exc)
  File "/Users/MAC/Code/sauvini/sauvini_backend/venv/lib/python3.9/site-packages/rest_framework/views.py", line 475, in handle_exception
    self.raise_uncaught_exception(exc)
  File "/Users/MAC/Code/sauvini/sauvini_backend/venv/lib/python3.9/site-packages/rest_framework/views.py", line 486, in raise_uncaught_exception
    raise exc
  File "/Users/MAC/Code/sauvini/sauvini_backend/venv/lib/python3.9/site-packages/rest_framework/views.py", line 512, in dispatch
    response = handler(request, *args, **kwargs)
  File "/Users/MAC/Code/sauvini/sauvini_backend/venv/lib/python3.9/site-packages/rest_framework/decorators.py", line 50, in handler
    return func(*args, **kwargs)
  File "/Users/MAC/Code/sauvini/sauvini_backend/apps/authentication/views.py", line 93, in student_register
    student = serializer.save()
  File "/Users/MAC/Code/sauvini/sauvini_backend/venv/lib/python3.9/site-packages/rest_framework/serializers.py", line 210, in save
    self.instance = self.create(validated_data)
  File "/Users/MAC/Code/sauvini/sauvini_backend/apps/authentication/serializers.py", line 84, in create
    user = User.objects.create_user(
  File "/Users/MAC/Code/sauvini/sauvini_backend/venv/lib/python3.9/site-packages/django/contrib/auth/models.py", line 161, in create_user
    return self._create_user(username, email, password, **extra_fields)
  File "/Users/MAC/Code/sauvini/sauvini_backend/venv/lib/python3.9/site-packages/django/contrib/auth/models.py", line 155, in _create_user
    user.save(using=self._db)
  File "/Users/MAC/Code/sauvini/sauvini_backend/venv/lib/python3.9/site-packages/django/contrib/auth/base_user.py", line 76, in save
    super().save(*args, **kwargs)
  File "/Users/MAC/Code/sauvini/sauvini_backend/venv/lib/python3.9/site-packages/django/db/models/base.py", line 814, in save
    self.save_base(
  File "/Users/MAC/Code/sauvini/sauvini_backend/venv/lib/python3.9/site-packages/django/db/models/base.py", line 877, in save_base
    updated = self._save_table(
  File "/Users/MAC/Code/sauvini/sauvini_backend/venv/lib/python3.9/site-packages/django/db/models/base.py", line 1020, in _save_table
    results = self._do_insert(
  File "/Users/MAC/Code/sauvini/sauvini_backend/venv/lib/python3.9/site-packages/django/db/models/base.py", line 1061, in _do_insert
    return manager._insert(
  File "/Users/MAC/Code/sauvini/sauvini_backend/venv/lib/python3.9/site-packages/django/db/models/manager.py", line 87, in manager_method
    return getattr(self.get_queryset(), name)(*args, **kwargs)
  File "/Users/MAC/Code/sauvini/sauvini_backend/venv/lib/python3.9/site-packages/django/db/models/query.py", line 1805, in _insert
    return query.get_compiler(using=using).execute_sql(returning_fields)
  File "/Users/MAC/Code/sauvini/sauvini_backend/venv/lib/python3.9/site-packages/django/db/models/sql/compiler.py", line 1822, in execute_sql
    cursor.execute(sql, params)
  File "/Users/MAC/Code/sauvini/sauvini_backend/venv/lib/python3.9/site-packages/django/db/backends/utils.py", line 102, in execute
    return super().execute(sql, params)
  File "/Users/MAC/Code/sauvini/sauvini_backend/venv/lib/python3.9/site-packages/django/db/backends/utils.py", line 67, in execute
    return self._execute_with_wrappers(
  File "/Users/MAC/Code/sauvini/sauvini_backend/venv/lib/python3.9/site-packages/django/db/backends/utils.py", line 80, in _execute_with_wrappers
    return executor(sql, params, many, context)
  File "/Users/MAC/Code/sauvini/sauvini_backend/venv/lib/python3.9/site-packages/django/db/backends/utils.py", line 89, in _execute
    return self.cursor.execute(sql, params)
  File "/Users/MAC/Code/sauvini/sauvini_backend/venv/lib/python3.9/site-packages/django/db/utils.py", line 91, in __exit__
    raise dj_exc_value.with_traceback(traceback) from exc_value
  File "/Users/MAC/Code/sauvini/sauvini_backend/venv/lib/python3.9/site-packages/django/db/backends/utils.py", line 89, in _execute
    return self.cursor.execute(sql, params)
django.db.utils.IntegrityError: duplicate key value violates unique constraint "users_username_key"
DETAIL:  Key (username)=(mohamed_abdennour.morsli@g.enp.edu.dz) already exists.

ERROR 2025-11-02 14:03:43,172 log 76641 6197293056 Internal Server Error: /api/v1/auth/student/register
Traceback (most recent call last):
  File "/Users/MAC/Code/sauvini/sauvini_backend/venv/lib/python3.9/site-packages/django/db/backends/utils.py", line 89, in _execute
    return self.cursor.execute(sql, params)
psycopg2.errors.UniqueViolation: duplicate key value violates unique constraint "users_username_key"
DETAIL:  Key (username)=(mohamedroblox2004@gmail.com) already exists.


The above exception was the direct cause of the following exception:

Traceback (most recent call last):
  File "/Users/MAC/Code/sauvini/sauvini_backend/venv/lib/python3.9/site-packages/django/core/handlers/exception.py", line 55, in inner
    response = get_response(request)
  File "/Users/MAC/Code/sauvini/sauvini_backend/venv/lib/python3.9/site-packages/django/core/handlers/base.py", line 197, in _get_response
    response = wrapped_callback(request, *callback_args, **callback_kwargs)
  File "/Users/MAC/Code/sauvini/sauvini_backend/venv/lib/python3.9/site-packages/django/views/decorators/csrf.py", line 56, in wrapper_view
    return view_func(*args, **kwargs)
  File "/Users/MAC/Code/sauvini/sauvini_backend/venv/lib/python3.9/site-packages/django/views/generic/base.py", line 105, in view
    return self.dispatch(request, *args, **kwargs)
  File "/Users/MAC/Code/sauvini/sauvini_backend/venv/lib/python3.9/site-packages/rest_framework/views.py", line 515, in dispatch
    response = self.handle_exception(exc)
  File "/Users/MAC/Code/sauvini/sauvini_backend/venv/lib/python3.9/site-packages/rest_framework/views.py", line 475, in handle_exception
    self.raise_uncaught_exception(exc)
  File "/Users/MAC/Code/sauvini/sauvini_backend/venv/lib/python3.9/site-packages/rest_framework/views.py", line 486, in raise_uncaught_exception
    raise exc
  File "/Users/MAC/Code/sauvini/sauvini_backend/venv/lib/python3.9/site-packages/rest_framework/views.py", line 512, in dispatch
    response = handler(request, *args, **kwargs)
  File "/Users/MAC/Code/sauvini/sauvini_backend/venv/lib/python3.9/site-packages/rest_framework/decorators.py", line 50, in handler
    return func(*args, **kwargs)
  File "/Users/MAC/Code/sauvini/sauvini_backend/apps/authentication/views.py", line 93, in student_register
    student = serializer.save()
  File "/Users/MAC/Code/sauvini/sauvini_backend/venv/lib/python3.9/site-packages/rest_framework/serializers.py", line 210, in save
    self.instance = self.create(validated_data)
  File "/Users/MAC/Code/sauvini/sauvini_backend/apps/authentication/serializers.py", line 84, in create
    user = User.objects.create_user(
  File "/Users/MAC/Code/sauvini/sauvini_backend/venv/lib/python3.9/site-packages/django/contrib/auth/models.py", line 161, in create_user
    return self._create_user(username, email, password, **extra_fields)
  File "/Users/MAC/Code/sauvini/sauvini_backend/venv/lib/python3.9/site-packages/django/contrib/auth/models.py", line 155, in _create_user
    user.save(using=self._db)
  File "/Users/MAC/Code/sauvini/sauvini_backend/venv/lib/python3.9/site-packages/django/contrib/auth/base_user.py", line 76, in save
    super().save(*args, **kwargs)
  File "/Users/MAC/Code/sauvini/sauvini_backend/venv/lib/python3.9/site-packages/django/db/models/base.py", line 814, in save
    self.save_base(
  File "/Users/MAC/Code/sauvini/sauvini_backend/venv/lib/python3.9/site-packages/django/db/models/base.py", line 877, in save_base
    updated = self._save_table(
  File "/Users/MAC/Code/sauvini/sauvini_backend/venv/lib/python3.9/site-packages/django/db/models/base.py", line 1020, in _save_table
    results = self._do_insert(
  File "/Users/MAC/Code/sauvini/sauvini_backend/venv/lib/python3.9/site-packages/django/db/models/base.py", line 1061, in _do_insert
    return manager._insert(
  File "/Users/MAC/Code/sauvini/sauvini_backend/venv/lib/python3.9/site-packages/django/db/models/manager.py", line 87, in manager_method
    return getattr(self.get_queryset(), name)(*args, **kwargs)
  File "/Users/MAC/Code/sauvini/sauvini_backend/venv/lib/python3.9/site-packages/django/db/models/query.py", line 1805, in _insert
    return query.get_compiler(using=using).execute_sql(returning_fields)
  File "/Users/MAC/Code/sauvini/sauvini_backend/venv/lib/python3.9/site-packages/django/db/models/sql/compiler.py", line 1822, in execute_sql
    cursor.execute(sql, params)
  File "/Users/MAC/Code/sauvini/sauvini_backend/venv/lib/python3.9/site-packages/django/db/backends/utils.py", line 102, in execute
    return super().execute(sql, params)
  File "/Users/MAC/Code/sauvini/sauvini_backend/venv/lib/python3.9/site-packages/django/db/backends/utils.py", line 67, in execute
    return self._execute_with_wrappers(
  File "/Users/MAC/Code/sauvini/sauvini_backend/venv/lib/python3.9/site-packages/django/db/backends/utils.py", line 80, in _execute_with_wrappers
    return executor(sql, params, many, context)
  File "/Users/MAC/Code/sauvini/sauvini_backend/venv/lib/python3.9/site-packages/django/db/backends/utils.py", line 89, in _execute
    return self.cursor.execute(sql, params)
  File "/Users/MAC/Code/sauvini/sauvini_backend/venv/lib/python3.9/site-packages/django/db/utils.py", line 91, in __exit__
    raise dj_exc_value.with_traceback(traceback) from exc_value
  File "/Users/MAC/Code/sauvini/sauvini_backend/venv/lib/python3.9/site-packages/django/db/backends/utils.py", line 89, in _execute
    return self.cursor.execute(sql, params)
django.db.utils.IntegrityError: duplicate key value violates unique constraint "users_username_key"
DETAIL:  Key (username)=(mohamedroblox2004@gmail.com) already exists.

INFO 2025-11-02 14:03:59,820 email 76641 6197293056 Verification email queued for sparko.agency@gmail.com
ERROR 2025-11-02 14:03:59,829 email 76641 6230945792 Error sending email: send() got an unexpected keyword argument 'connection'
Traceback (most recent call last):
  File "/Users/MAC/Code/sauvini/sauvini_backend/core/email.py", line 125, in _send_email_sync
    msg.send(connection=connection)
TypeError: send() got an unexpected keyword argument 'connection'
ERROR 2025-11-02 14:03:59,835 email 76641 6230945792 Failed to send verification email to sparko.agency@gmail.com: send() got an unexpected keyword argument 'connection'
Traceback (most recent call last):
  File "/Users/MAC/Code/sauvini/sauvini_backend/core/email.py", line 163, in send_in_thread
    EmailService._send_email_sync(msg)
  File "/Users/MAC/Code/sauvini/sauvini_backend/core/email.py", line 125, in _send_email_sync
    msg.send(connection=connection)
TypeError: send() got an unexpected keyword argument 'connection'
INFO 2025-11-02 14:08:04,852 autoreload 74001 8710332160 /Users/MAC/Code/sauvini/sauvini_backend/sauvini/settings.py changed, reloading.
INFO 2025-11-02 14:08:05,103 autoreload 76641 8710332160 /Users/MAC/Code/sauvini/sauvini_backend/sauvini/settings.py changed, reloading.
INFO 2025-11-02 14:08:05,439 autoreload 82926 8710332160 Watching for file changes with StatReloader
INFO 2025-11-02 14:08:05,439 autoreload 82909 8710332160 Watching for file changes with StatReloader
INFO 2025-11-02 14:08:09,865 autoreload 82909 8710332160 /Users/MAC/Code/sauvini/sauvini_backend/core/email.py changed, reloading.
INFO 2025-11-02 14:08:09,868 autoreload 82926 8710332160 /Users/MAC/Code/sauvini/sauvini_backend/core/email.py changed, reloading.
INFO 2025-11-02 14:08:10,349 autoreload 83017 8710332160 Watching for file changes with StatReloader
INFO 2025-11-02 14:08:10,373 autoreload 83018 8710332160 Watching for file changes with StatReloader
INFO 2025-11-02 14:08:19,944 autoreload 83018 8710332160 /Users/MAC/Code/sauvini/sauvini_backend/core/email.py changed, reloading.
INFO 2025-11-02 14:08:19,991 autoreload 83017 8710332160 /Users/MAC/Code/sauvini/sauvini_backend/core/email.py changed, reloading.
INFO 2025-11-02 14:08:20,210 autoreload 83223 8710332160 Watching for file changes with StatReloader
INFO 2025-11-02 14:08:20,252 autoreload 83224 8710332160 Watching for file changes with StatReloader
INFO 2025-11-02 14:09:01,543 autoreload 83223 8710332160 /Users/MAC/Code/sauvini/sauvini_backend/sauvini/settings.py changed, reloading.
INFO 2025-11-02 14:09:01,948 autoreload 84108 8710332160 Watching for file changes with StatReloader
INFO 2025-11-02 14:09:02,123 autoreload 83224 8710332160 /Users/MAC/Code/sauvini/sauvini_backend/core/email.py changed, reloading.
INFO 2025-11-02 14:09:02,379 autoreload 84125 8710332160 Watching for file changes with StatReloader
INFO 2025-11-02 14:09:29,389 email 84125 6122958848 Verification email sent to sparko.agency@gmail.com
